[debug] [2025-09-30T17:43:24.241Z] ----------------------------------------------------------------------
[debug] [2025-09-30T17:43:24.245Z] Command:       C:\Program Files\nodejs\node.exe C:\Users\emmanuel.lopez\AppData\Roaming\npm\node_modules\firebase-tools\lib\bin\firebase.js init
[debug] [2025-09-30T17:43:24.245Z] CLI Version:   14.17.0
[debug] [2025-09-30T17:43:24.246Z] Platform:      win32
[debug] [2025-09-30T17:43:24.246Z] Node Version:  v22.1.0
[debug] [2025-09-30T17:43:24.246Z] Time:          Tue Sep 30 2025 10:43:24 GMT-0700 (hora estándar del Pacífico de México)
[debug] [2025-09-30T17:43:24.246Z] ----------------------------------------------------------------------
[debug] 
[debug] [2025-09-30T17:43:24.253Z] > command requires scopes: ["email","openid","https://www.googleapis.com/auth/cloudplatformprojects.readonly","https://www.googleapis.com/auth/firebase","https://www.googleapis.com/auth/cloud-platform"]
[debug] [2025-09-30T17:43:24.254Z] > authorizing via signed-in user (hiperemmanuel@gmail.com)
[info] 
     ######## #### ########  ######## ########     ###     ######  ########
     ##        ##  ##     ## ##       ##     ##  ##   ##  ##       ##
     ######    ##  ########  ######   ########  #########  ######  ######
     ##        ##  ##    ##  ##       ##     ## ##     ##       ## ##
     ##       #### ##     ## ######## ########  ##     ##  ######  ########

You're about to initialize a Firebase project in this directory:

  C:\Users\emmanuel.lopez\Documents\Phoenix Code\propuesta

[info] 
=== Project Setup
[info] 
[info] First, let's associate this project directory with a Firebase project.
[info] You can create multiple project aliases by running firebase use --add, 
[info] but for now we'll just set up a default project.
[info] 
[debug] [2025-09-30T17:45:18.964Z] Checked if tokens are valid: false, expires at: 1759255172045
[debug] [2025-09-30T17:45:18.964Z] Checked if tokens are valid: false, expires at: 1759255172045
[debug] [2025-09-30T17:45:18.965Z] > refreshing access token with scopes: []
[debug] [2025-09-30T17:45:18.969Z] >>> [apiv2][query] POST https://www.googleapis.com/oauth2/v3/token [none]
[debug] [2025-09-30T17:45:18.969Z] >>> [apiv2][body] POST https://www.googleapis.com/oauth2/v3/token [omitted]
[debug] [2025-09-30T17:45:19.402Z] <<< [apiv2][status] POST https://www.googleapis.com/oauth2/v3/token 200
[debug] [2025-09-30T17:45:19.403Z] <<< [apiv2][body] POST https://www.googleapis.com/oauth2/v3/token [omitted]
[debug] [2025-09-30T17:45:19.455Z] >>> [apiv2][query] GET https://firebase.googleapis.com/v1beta1/projects pageSize=100
[debug] [2025-09-30T17:45:19.950Z] <<< [apiv2][status] GET https://firebase.googleapis.com/v1beta1/projects 200
[debug] [2025-09-30T17:45:19.950Z] <<< [apiv2][body] GET https://firebase.googleapis.com/v1beta1/projects [omitted]
[info] i  Using project liliemma (hechoParaTi) 
[info] 
=== Hosting Setup
[debug] [2025-09-30T17:59:05.566Z] Checked if tokens are valid: true, expires at: 1759257918403
[debug] [2025-09-30T17:59:05.566Z] Checked if tokens are valid: true, expires at: 1759257918403
[debug] [2025-09-30T17:59:05.566Z] >>> [apiv2][query] GET https://firebase.googleapis.com/v1beta1/projects/liliemma [none]
[debug] [2025-09-30T17:59:05.865Z] <<< [apiv2][status] GET https://firebase.googleapis.com/v1beta1/projects/liliemma 200
[debug] [2025-09-30T17:59:05.865Z] <<< [apiv2][body] GET https://firebase.googleapis.com/v1beta1/projects/liliemma {"projectId":"liliemma","projectNumber":"252655792405","displayName":"hechoParaTi","name":"projects/liliemma","resources":{"hostingSite":"liliemma"},"state":"ACTIVE","etag":"1_5e798546-68d4-4d29-ab08-944b1bd0cae3"}
[info] 
[info] Your public directory is the folder (relative to your project directory) that
[info] will contain Hosting assets to be uploaded with firebase deploy. If you
[info] have a build process for your assets, use your build's output directory.
[info] 
